Args: C:\Users\Bradley\Documents\QuakeDev\QECTF\fteqcc64.exe
FTEQCC: 5630 (2020-02-16T19:27:31.975445Z)
Source file: progs.src
outputfile: ../progs.dat
compiling defs.qc
compiling subs.qc
compiling math.qc
compiling tdm/defs.qc
compiling tdm/utils.qc
compiling tdm/tdm.qc
in function tdm_player_storeColors (line 13),
tdm/tdm.qc:14: error: Unknown value "old_pants_color".
tdm/tdm.qc:15: error: Unknown field "colo" in class "entity"
tdm/tdm.qc:15: error: expected ;, found }
compiling tdm/hook.qc
compiling tdm/player_id.qc
compiling entmod/defs.qc
compiling fight.qc
compiling ai.qc
compiling combat.qc
compiling items.qc
compiling weapons.qc
compiling world.qc
compiling client.qc
in function execute_changelevel (line 257),
client.qc:289: error: Unknown value "tdm_game_displayGameOver".
in function respawn (line 358),
client.qc:378: error: Unknown value "tdm_game_displayScore".
in function CheckRules (line 696),
client.qc:719: error: Unknown value "tdm_game_checkLeaderChange".
client.qc:720: error: Unknown value "tdm_player_checkKillStreak".
client.qc:723: error: Unknown value "tdm_player_highScore".
client.qc:725: error: Unknown value "tdm_game_getFragsLeft".
in function PlayerPreThink (line 953),
client.qc:973: error: Unknown value "tdm_player_autoAssignTeam".
client.qc:985: error: Unknown value "tdm_player_checkImpulse".
in function ClientConnect (line 1245),
client.qc:1246: error: Unknown value "tdm_player_autoAssignTeam".
client.qc:1248: error: Unknown value "tdm_isBot".
client.qc:1248: warning: conditional type mismatch: variant
in function ClientObituary (line 1312),
client.qc:1314: error: Unknown value "tdm_player_endsKillingSpree".
client.qc:1387: error: Unknown value "tdm_game_incTeamScore".

************ ERROR ************
Errors have occured

Error in tdm/tdm.qc on line 15
